{"level":"info","time":"2026-02-20T21:41:27+07:00","caller":"/home/lingga/Workspaces/Go/go-kill/user-service/src/cmd/app.go:56","message":"Starting user service..."}
{"level":"info","time":"2026-02-20T21:43:22+07:00","caller":"/home/lingga/Workspaces/Go/go-kill/user-service/src/cmd/app.go:56","message":"Starting user service..."}
{"level":"info","time":"2026-02-20T21:47:58+07:00","caller":"/home/lingga/Workspaces/Go/go-kill/user-service/src/cmd/app.go:56","message":"Starting user service..."}
{"level":"info","time":"2026-02-20T21:56:45+07:00","caller":"/home/lingga/Workspaces/Go/go-kill/user-service/src/cmd/app.go:57","message":"Starting user service..."}
{"level":"info","component":"*query.QueryComponent","time":"2026-02-20T21:56:45+07:00","caller":"/home/lingga/Workspaces/Go/go-kill/common/app/app.go:88","message":"Starting component"}
{"level":"info","component":"*redis.RedisComponent","time":"2026-02-20T21:56:45+07:00","caller":"/home/lingga/Workspaces/Go/go-kill/common/app/app.go:88","message":"Starting component"}
{"level":"info","component":"*server.HTTPServerComponent","time":"2026-02-20T21:56:45+07:00","caller":"/home/lingga/Workspaces/Go/go-kill/common/app/app.go:88","message":"Starting component"}
{"level":"debug","addr":":8080","time":"2026-02-20T21:56:45+07:00","caller":"/home/lingga/Workspaces/Go/go-kill/common/server/server.go:71","message":"HTTP server starting"}
{"level":"info","component":"*database.DatabaseComponent","time":"2026-02-20T21:56:45+07:00","caller":"/home/lingga/Workspaces/Go/go-kill/common/app/app.go:88","message":"Starting component"}
{"level":"debug","file":"user_queries.sql","time":"2026-02-20T21:56:45+07:00","caller":"/home/lingga/Workspaces/Go/go-kill/common/query/query.go:93","message":"Loaded queries from file"}
{"level":"debug","time":"2026-02-20T21:56:45+07:00","caller":"/home/lingga/Workspaces/Go/go-kill/common/query/query.go:55","message":"Queries loaded successfully, total queries: 2"}
{"level":"debug","time":"2026-02-20T21:56:45+07:00","caller":"/home/lingga/Workspaces/Go/go-kill/common/database/database.go:72","message":"POSTGRES database connected and ping OK"}
{"level":"error","error":"redis ping failed: dial tcp [::1]:6379: connect: connection refused","component":"*redis.RedisComponent","time":"2026-02-20T21:56:46+07:00","caller":"/home/lingga/Workspaces/Go/go-kill/common/app/app.go:91","message":"Component failed"}
{"level":"info","time":"2026-02-20T21:56:46+07:00","caller":"/home/lingga/Workspaces/Go/go-kill/common/app/app.go:108","message":"Shutdown signal received"}
{"level":"info","component":"*server.HTTPServerComponent","timeout":10000,"time":"2026-02-20T21:56:46+07:00","caller":"/home/lingga/Workspaces/Go/go-kill/common/app/app.go:121","message":"Stopping component"}
{"level":"debug","time":"2026-02-20T21:56:46+07:00","caller":"/home/lingga/Workspaces/Go/go-kill/common/query/query.go:60","message":"Query component context cancelled – stopping"}
{"level":"debug","time":"2026-02-20T21:56:46+07:00","caller":"/home/lingga/Workspaces/Go/go-kill/common/server/server.go:80","message":"HTTP server context cancelled – stopping"}
{"level":"debug","time":"2026-02-20T21:56:46+07:00","caller":"/home/lingga/Workspaces/Go/go-kill/common/server/server.go:97","message":"Shutting down HTTP server gracefully"}
{"level":"debug","time":"2026-02-20T21:56:46+07:00","caller":"/home/lingga/Workspaces/Go/go-kill/common/database/database.go:77","message":"POSTGRES database context cancelled – stopping"}
{"level":"debug","time":"2026-02-20T21:56:46+07:00","caller":"/home/lingga/Workspaces/Go/go-kill/common/server/server.go:102","message":"HTTP server stopped"}
{"level":"info","component":"*query.QueryComponent","timeout":10000,"time":"2026-02-20T21:56:46+07:00","caller":"/home/lingga/Workspaces/Go/go-kill/common/app/app.go:121","message":"Stopping component"}
{"level":"debug","time":"2026-02-20T21:56:46+07:00","caller":"/home/lingga/Workspaces/Go/go-kill/common/query/query.go:99","message":"Query component stopped"}
{"level":"info","component":"*database.DatabaseComponent","timeout":10000,"time":"2026-02-20T21:56:46+07:00","caller":"/home/lingga/Workspaces/Go/go-kill/common/app/app.go:121","message":"Stopping component"}
{"level":"debug","time":"2026-02-20T21:56:46+07:00","caller":"/home/lingga/Workspaces/Go/go-kill/common/database/database.go:93","message":"POSTGRES database stopped"}
{"level":"info","component":"*redis.RedisComponent","timeout":10000,"time":"2026-02-20T21:56:46+07:00","caller":"/home/lingga/Workspaces/Go/go-kill/common/app/app.go:121","message":"Stopping component"}
{"level":"debug","time":"2026-02-20T21:56:46+07:00","caller":"/home/lingga/Workspaces/Go/go-kill/common/redis/redis.go:107","message":"Redis component stopped"}
{"level":"fatal","error":"redis ping failed: dial tcp [::1]:6379: connect: connection refused","time":"2026-02-20T21:56:46+07:00","caller":"/home/lingga/Workspaces/Go/go-kill/user-service/src/cmd/app.go:117","message":"Application failed"}
{"level":"info","time":"2026-02-20T21:58:04+07:00","caller":"/home/lingga/Workspaces/Go/go-kill/user-service/src/cmd/app.go:57","message":"Starting user service..."}
{"level":"info","component":"*server.HTTPServerComponent","time":"2026-02-20T21:58:04+07:00","caller":"/home/lingga/Workspaces/Go/go-kill/common/app/app.go:88","message":"Starting component"}
{"level":"info","component":"*query.QueryComponent","time":"2026-02-20T21:58:04+07:00","caller":"/home/lingga/Workspaces/Go/go-kill/common/app/app.go:88","message":"Starting component"}
{"level":"info","component":"*redis.RedisComponent","time":"2026-02-20T21:58:04+07:00","caller":"/home/lingga/Workspaces/Go/go-kill/common/app/app.go:88","message":"Starting component"}
{"level":"info","component":"*database.DatabaseComponent","time":"2026-02-20T21:58:04+07:00","caller":"/home/lingga/Workspaces/Go/go-kill/common/app/app.go:88","message":"Starting component"}
{"level":"debug","addr":":8080","time":"2026-02-20T21:58:04+07:00","caller":"/home/lingga/Workspaces/Go/go-kill/common/server/server.go:71","message":"HTTP server starting"}
{"level":"debug","file":"user_queries.sql","time":"2026-02-20T21:58:04+07:00","caller":"/home/lingga/Workspaces/Go/go-kill/common/query/query.go:93","message":"Loaded queries from file"}
{"level":"debug","time":"2026-02-20T21:58:04+07:00","caller":"/home/lingga/Workspaces/Go/go-kill/common/query/query.go:55","message":"Queries loaded successfully, total queries: 2"}
{"level":"debug","time":"2026-02-20T21:58:04+07:00","caller":"/home/lingga/Workspaces/Go/go-kill/common/redis/redis.go:85","message":"Redis component started and ping successful"}
{"level":"debug","time":"2026-02-20T21:58:04+07:00","caller":"/home/lingga/Workspaces/Go/go-kill/common/database/database.go:72","message":"POSTGRES database connected and ping OK"}
{"level":"info","event":"START","method":"POST","url":"/api/v1/users/register","user_agent":"PostmanRuntime/7.51.1","addr":"localhost:8080","time":"2026-02-20T21:58:21+07:00","caller":"/home/lingga/Workspaces/Go/go-kill/common/middleware/handler.go:53"}
{"level":"info","event":"END","latency":"677.527µs","status_code":400,"time":"2026-02-20T21:58:21+07:00","caller":"/home/lingga/Workspaces/Go/go-kill/common/middleware/handler.go:76"}
{"level":"debug","time":"2026-02-20T21:58:36+07:00","caller":"/home/lingga/Workspaces/Go/go-kill/common/redis/redis.go:91","message":"Redis component context cancelled – stopping"}
{"level":"info","time":"2026-02-20T21:58:36+07:00","caller":"/home/lingga/Workspaces/Go/go-kill/common/app/app.go:108","message":"Shutdown signal received"}
{"level":"info","component":"*server.HTTPServerComponent","timeout":10000,"time":"2026-02-20T21:58:36+07:00","caller":"/home/lingga/Workspaces/Go/go-kill/common/app/app.go:121","message":"Stopping component"}
{"level":"debug","time":"2026-02-20T21:58:36+07:00","caller":"/home/lingga/Workspaces/Go/go-kill/common/server/server.go:97","message":"Shutting down HTTP server gracefully"}
{"level":"debug","time":"2026-02-20T21:58:36+07:00","caller":"/home/lingga/Workspaces/Go/go-kill/common/database/database.go:77","message":"POSTGRES database context cancelled – stopping"}
{"level":"debug","time":"2026-02-20T21:58:36+07:00","caller":"/home/lingga/Workspaces/Go/go-kill/common/query/query.go:60","message":"Query component context cancelled – stopping"}
{"level":"debug","time":"2026-02-20T21:58:36+07:00","caller":"/home/lingga/Workspaces/Go/go-kill/common/server/server.go:80","message":"HTTP server context cancelled – stopping"}
{"level":"debug","time":"2026-02-20T21:58:36+07:00","caller":"/home/lingga/Workspaces/Go/go-kill/common/server/server.go:102","message":"HTTP server stopped"}
{"level":"info","component":"*query.QueryComponent","timeout":10000,"time":"2026-02-20T21:58:36+07:00","caller":"/home/lingga/Workspaces/Go/go-kill/common/app/app.go:121","message":"Stopping component"}
{"level":"debug","time":"2026-02-20T21:58:36+07:00","caller":"/home/lingga/Workspaces/Go/go-kill/common/query/query.go:99","message":"Query component stopped"}
{"level":"info","component":"*database.DatabaseComponent","timeout":10000,"time":"2026-02-20T21:58:36+07:00","caller":"/home/lingga/Workspaces/Go/go-kill/common/app/app.go:121","message":"Stopping component"}
{"level":"debug","time":"2026-02-20T21:58:36+07:00","caller":"/home/lingga/Workspaces/Go/go-kill/common/database/database.go:93","message":"POSTGRES database stopped"}
{"level":"info","component":"*redis.RedisComponent","timeout":10000,"time":"2026-02-20T21:58:36+07:00","caller":"/home/lingga/Workspaces/Go/go-kill/common/app/app.go:121","message":"Stopping component"}
{"level":"debug","time":"2026-02-20T21:58:36+07:00","caller":"/home/lingga/Workspaces/Go/go-kill/common/redis/redis.go:107","message":"Redis component stopped"}
{"level":"info","time":"2026-02-20T21:58:36+07:00","caller":"/home/lingga/Workspaces/Go/go-kill/common/app/app.go:78","message":"Application stopped"}
{"level":"info","time":"2026-02-21T16:59:16+07:00","caller":"/home/lingga/Workspaces/Go/go-kill/user-service/src/cmd/app.go:64","message":"Starting user service..."}
{"level":"info","component":"*grpcclient.GRPCClientComponent","time":"2026-02-21T16:59:16+07:00","caller":"/home/lingga/Workspaces/Go/go-kill/common/app/app.go:88","message":"Starting component"}
{"level":"info","component":"*server.HTTPServerComponent","time":"2026-02-21T16:59:16+07:00","caller":"/home/lingga/Workspaces/Go/go-kill/common/app/app.go:88","message":"Starting component"}
{"level":"info","component":"*redis.RedisComponent","time":"2026-02-21T16:59:16+07:00","caller":"/home/lingga/Workspaces/Go/go-kill/common/app/app.go:88","message":"Starting component"}
{"level":"debug","addr":":8080","time":"2026-02-21T16:59:16+07:00","caller":"/home/lingga/Workspaces/Go/go-kill/common/server/server.go:59","message":"HTTP server starting"}
{"level":"info","component":"*database.DatabaseComponent","time":"2026-02-21T16:59:16+07:00","caller":"/home/lingga/Workspaces/Go/go-kill/common/app/app.go:88","message":"Starting component"}
{"level":"info","component":"*grpcserver.GRPCServerComponent","time":"2026-02-21T16:59:16+07:00","caller":"/home/lingga/Workspaces/Go/go-kill/common/app/app.go:88","message":"Starting component"}
{"level":"info","component":"*query.QueryComponent","time":"2026-02-21T16:59:16+07:00","caller":"/home/lingga/Workspaces/Go/go-kill/common/app/app.go:88","message":"Starting component"}
{"level":"debug","file":"user_queries.sql","time":"2026-02-21T16:59:16+07:00","caller":"/home/lingga/Workspaces/Go/go-kill/common/query/query.go:93","message":"Loaded queries from file"}
{"level":"debug","time":"2026-02-21T16:59:16+07:00","caller":"/home/lingga/Workspaces/Go/go-kill/common/query/query.go:55","message":"Queries loaded successfully, total queries: 2"}
{"level":"debug","port":":8082","time":"2026-02-21T16:59:16+07:00","caller":"/home/lingga/Workspaces/Go/go-kill/common/grpcserver/grpc_server.go:54","message":"gRPC server starting"}
{"level":"debug","time":"2026-02-21T16:59:16+07:00","caller":"/home/lingga/Workspaces/Go/go-kill/common/database/database.go:72","message":"POSTGRES database connected and ping OK"}
{"level":"error","error":"redis ping failed: dial tcp [::1]:6379: connect: connection refused","component":"*redis.RedisComponent","time":"2026-02-21T16:59:17+07:00","caller":"/home/lingga/Workspaces/Go/go-kill/common/app/app.go:91","message":"Component failed"}
{"level":"info","time":"2026-02-21T16:59:17+07:00","caller":"/home/lingga/Workspaces/Go/go-kill/common/app/app.go:108","message":"Shutdown signal received"}
{"level":"info","component":"*grpcserver.GRPCServerComponent","timeout":10000,"time":"2026-02-21T16:59:17+07:00","caller":"/home/lingga/Workspaces/Go/go-kill/common/app/app.go:121","message":"Stopping component"}
{"level":"debug","time":"2026-02-21T16:59:17+07:00","caller":"/home/lingga/Workspaces/Go/go-kill/common/server/server.go:68","message":"HTTP server context cancelled – stopping"}
{"level":"debug","time":"2026-02-21T16:59:17+07:00","caller":"/home/lingga/Workspaces/Go/go-kill/common/grpcserver/grpc_server.go:63","message":"gRPC server context cancelled – stopping"}
{"level":"debug","time":"2026-02-21T16:59:17+07:00","caller":"/home/lingga/Workspaces/Go/go-kill/common/query/query.go:60","message":"Query component context cancelled – stopping"}
{"level":"debug","time":"2026-02-21T16:59:17+07:00","caller":"/home/lingga/Workspaces/Go/go-kill/common/database/database.go:77","message":"POSTGRES database context cancelled – stopping"}
{"level":"error","error":"dial localhost:50051: context canceled","component":"*grpcclient.GRPCClientComponent","time":"2026-02-21T16:59:17+07:00","caller":"/home/lingga/Workspaces/Go/go-kill/common/app/app.go:91","message":"Component failed"}
{"level":"debug","time":"2026-02-21T16:59:17+07:00","caller":"/home/lingga/Workspaces/Go/go-kill/common/grpcserver/grpc_server.go:88","message":"gRPC server stopped gracefully"}
{"level":"info","component":"*grpcclient.GRPCClientComponent","timeout":10000,"time":"2026-02-21T16:59:17+07:00","caller":"/home/lingga/Workspaces/Go/go-kill/common/app/app.go:121","message":"Stopping component"}
{"level":"info","component":"*server.HTTPServerComponent","timeout":10000,"time":"2026-02-21T16:59:17+07:00","caller":"/home/lingga/Workspaces/Go/go-kill/common/app/app.go:121","message":"Stopping component"}
{"level":"debug","time":"2026-02-21T16:59:17+07:00","caller":"/home/lingga/Workspaces/Go/go-kill/common/server/server.go:85","message":"Shutting down HTTP server gracefully"}
{"level":"debug","time":"2026-02-21T16:59:17+07:00","caller":"/home/lingga/Workspaces/Go/go-kill/common/server/server.go:90","message":"HTTP server stopped"}
{"level":"info","component":"*query.QueryComponent","timeout":10000,"time":"2026-02-21T16:59:17+07:00","caller":"/home/lingga/Workspaces/Go/go-kill/common/app/app.go:121","message":"Stopping component"}
{"level":"debug","time":"2026-02-21T16:59:17+07:00","caller":"/home/lingga/Workspaces/Go/go-kill/common/query/query.go:99","message":"Query component stopped"}
{"level":"info","component":"*database.DatabaseComponent","timeout":10000,"time":"2026-02-21T16:59:17+07:00","caller":"/home/lingga/Workspaces/Go/go-kill/common/app/app.go:121","message":"Stopping component"}
{"level":"debug","time":"2026-02-21T16:59:17+07:00","caller":"/home/lingga/Workspaces/Go/go-kill/common/database/database.go:93","message":"POSTGRES database stopped"}
{"level":"info","component":"*redis.RedisComponent","timeout":10000,"time":"2026-02-21T16:59:17+07:00","caller":"/home/lingga/Workspaces/Go/go-kill/common/app/app.go:121","message":"Stopping component"}
{"level":"debug","time":"2026-02-21T16:59:17+07:00","caller":"/home/lingga/Workspaces/Go/go-kill/common/redis/redis.go:107","message":"Redis component stopped"}
{"level":"fatal","error":"redis ping failed: dial tcp [::1]:6379: connect: connection refused","time":"2026-02-21T16:59:17+07:00","caller":"/home/lingga/Workspaces/Go/go-kill/user-service/src/cmd/app.go:141","message":"Application failed"}
{"level":"info","time":"2026-02-21T16:59:32+07:00","caller":"/home/lingga/Workspaces/Go/go-kill/user-service/src/cmd/app.go:64","message":"Starting user service..."}
{"level":"info","component":"*redis.RedisComponent","time":"2026-02-21T16:59:32+07:00","caller":"/home/lingga/Workspaces/Go/go-kill/common/app/app.go:88","message":"Starting component"}
{"level":"info","component":"*grpcclient.GRPCClientComponent","time":"2026-02-21T16:59:32+07:00","caller":"/home/lingga/Workspaces/Go/go-kill/common/app/app.go:88","message":"Starting component"}
{"level":"info","component":"*server.HTTPServerComponent","time":"2026-02-21T16:59:32+07:00","caller":"/home/lingga/Workspaces/Go/go-kill/common/app/app.go:88","message":"Starting component"}
{"level":"debug","addr":":8080","time":"2026-02-21T16:59:32+07:00","caller":"/home/lingga/Workspaces/Go/go-kill/common/server/server.go:59","message":"HTTP server starting"}
{"level":"info","component":"*grpcserver.GRPCServerComponent","time":"2026-02-21T16:59:32+07:00","caller":"/home/lingga/Workspaces/Go/go-kill/common/app/app.go:88","message":"Starting component"}
{"level":"info","component":"*query.QueryComponent","time":"2026-02-21T16:59:32+07:00","caller":"/home/lingga/Workspaces/Go/go-kill/common/app/app.go:88","message":"Starting component"}
{"level":"info","component":"*database.DatabaseComponent","time":"2026-02-21T16:59:32+07:00","caller":"/home/lingga/Workspaces/Go/go-kill/common/app/app.go:88","message":"Starting component"}
{"level":"debug","file":"user_queries.sql","time":"2026-02-21T16:59:32+07:00","caller":"/home/lingga/Workspaces/Go/go-kill/common/query/query.go:93","message":"Loaded queries from file"}
{"level":"debug","time":"2026-02-21T16:59:32+07:00","caller":"/home/lingga/Workspaces/Go/go-kill/common/query/query.go:55","message":"Queries loaded successfully, total queries: 2"}
{"level":"debug","port":":8082","time":"2026-02-21T16:59:32+07:00","caller":"/home/lingga/Workspaces/Go/go-kill/common/grpcserver/grpc_server.go:54","message":"gRPC server starting"}
{"level":"debug","time":"2026-02-21T16:59:32+07:00","caller":"/home/lingga/Workspaces/Go/go-kill/common/redis/redis.go:85","message":"Redis component started and ping successful"}
{"level":"debug","time":"2026-02-21T16:59:32+07:00","caller":"/home/lingga/Workspaces/Go/go-kill/common/database/database.go:72","message":"POSTGRES database connected and ping OK"}
{"level":"error","error":"dial localhost:50051: context deadline exceeded","component":"*grpcclient.GRPCClientComponent","time":"2026-02-21T16:59:37+07:00","caller":"/home/lingga/Workspaces/Go/go-kill/common/app/app.go:91","message":"Component failed"}
{"level":"info","time":"2026-02-21T16:59:37+07:00","caller":"/home/lingga/Workspaces/Go/go-kill/common/app/app.go:108","message":"Shutdown signal received"}
{"level":"debug","time":"2026-02-21T16:59:37+07:00","caller":"/home/lingga/Workspaces/Go/go-kill/common/grpcserver/grpc_server.go:63","message":"gRPC server context cancelled – stopping"}
{"level":"debug","time":"2026-02-21T16:59:37+07:00","caller":"/home/lingga/Workspaces/Go/go-kill/common/query/query.go:60","message":"Query component context cancelled – stopping"}
{"level":"debug","time":"2026-02-21T16:59:37+07:00","caller":"/home/lingga/Workspaces/Go/go-kill/common/database/database.go:77","message":"POSTGRES database context cancelled – stopping"}
{"level":"info","component":"*grpcserver.GRPCServerComponent","timeout":10000,"time":"2026-02-21T16:59:37+07:00","caller":"/home/lingga/Workspaces/Go/go-kill/common/app/app.go:121","message":"Stopping component"}
{"level":"debug","time":"2026-02-21T16:59:37+07:00","caller":"/home/lingga/Workspaces/Go/go-kill/common/redis/redis.go:91","message":"Redis component context cancelled – stopping"}
{"level":"debug","time":"2026-02-21T16:59:37+07:00","caller":"/home/lingga/Workspaces/Go/go-kill/common/server/server.go:68","message":"HTTP server context cancelled – stopping"}
{"level":"debug","time":"2026-02-21T16:59:37+07:00","caller":"/home/lingga/Workspaces/Go/go-kill/common/grpcserver/grpc_server.go:88","message":"gRPC server stopped gracefully"}
{"level":"info","component":"*grpcclient.GRPCClientComponent","timeout":10000,"time":"2026-02-21T16:59:37+07:00","caller":"/home/lingga/Workspaces/Go/go-kill/common/app/app.go:121","message":"Stopping component"}
{"level":"info","component":"*server.HTTPServerComponent","timeout":10000,"time":"2026-02-21T16:59:37+07:00","caller":"/home/lingga/Workspaces/Go/go-kill/common/app/app.go:121","message":"Stopping component"}
{"level":"debug","time":"2026-02-21T16:59:37+07:00","caller":"/home/lingga/Workspaces/Go/go-kill/common/server/server.go:85","message":"Shutting down HTTP server gracefully"}
{"level":"debug","time":"2026-02-21T16:59:37+07:00","caller":"/home/lingga/Workspaces/Go/go-kill/common/server/server.go:90","message":"HTTP server stopped"}
{"level":"info","component":"*query.QueryComponent","timeout":10000,"time":"2026-02-21T16:59:37+07:00","caller":"/home/lingga/Workspaces/Go/go-kill/common/app/app.go:121","message":"Stopping component"}
{"level":"debug","time":"2026-02-21T16:59:37+07:00","caller":"/home/lingga/Workspaces/Go/go-kill/common/query/query.go:99","message":"Query component stopped"}
{"level":"info","component":"*database.DatabaseComponent","timeout":10000,"time":"2026-02-21T16:59:37+07:00","caller":"/home/lingga/Workspaces/Go/go-kill/common/app/app.go:121","message":"Stopping component"}
{"level":"debug","time":"2026-02-21T16:59:37+07:00","caller":"/home/lingga/Workspaces/Go/go-kill/common/database/database.go:93","message":"POSTGRES database stopped"}
{"level":"info","component":"*redis.RedisComponent","timeout":10000,"time":"2026-02-21T16:59:37+07:00","caller":"/home/lingga/Workspaces/Go/go-kill/common/app/app.go:121","message":"Stopping component"}
{"level":"debug","time":"2026-02-21T16:59:37+07:00","caller":"/home/lingga/Workspaces/Go/go-kill/common/redis/redis.go:107","message":"Redis component stopped"}
{"level":"fatal","error":"dial localhost:50051: context deadline exceeded","time":"2026-02-21T16:59:37+07:00","caller":"/home/lingga/Workspaces/Go/go-kill/user-service/src/cmd/app.go:141","message":"Application failed"}
{"level":"info","time":"2026-02-21T19:54:51+07:00","caller":"/home/lingga/Workspaces/Go/go-kill/user-service/src/cmd/app.go:64","message":"Starting user service..."}
{"level":"info","component":"*redis.RedisComponent","time":"2026-02-21T19:54:51+07:00","caller":"/home/lingga/Workspaces/Go/go-kill/common/app/app.go:88","message":"Starting component"}
{"level":"info","component":"*database.DatabaseComponent","time":"2026-02-21T19:54:51+07:00","caller":"/home/lingga/Workspaces/Go/go-kill/common/app/app.go:88","message":"Starting component"}
{"level":"info","component":"*query.QueryComponent","time":"2026-02-21T19:54:51+07:00","caller":"/home/lingga/Workspaces/Go/go-kill/common/app/app.go:88","message":"Starting component"}
{"level":"info","component":"*grpcserver.GRPCServerComponent","time":"2026-02-21T19:54:51+07:00","caller":"/home/lingga/Workspaces/Go/go-kill/common/app/app.go:88","message":"Starting component"}
{"level":"debug","file":"user_queries.sql","time":"2026-02-21T19:54:51+07:00","caller":"/home/lingga/Workspaces/Go/go-kill/common/query/query.go:93","message":"Loaded queries from file"}
{"level":"info","component":"*server.HTTPServerComponent","time":"2026-02-21T19:54:51+07:00","caller":"/home/lingga/Workspaces/Go/go-kill/common/app/app.go:88","message":"Starting component"}
{"level":"info","component":"*grpcclient.GRPCClientComponent","time":"2026-02-21T19:54:51+07:00","caller":"/home/lingga/Workspaces/Go/go-kill/common/app/app.go:88","message":"Starting component"}
{"level":"debug","addr":":8080","time":"2026-02-21T19:54:51+07:00","caller":"/home/lingga/Workspaces/Go/go-kill/common/server/server.go:59","message":"HTTP server starting"}
{"level":"debug","time":"2026-02-21T19:54:51+07:00","caller":"/home/lingga/Workspaces/Go/go-kill/common/query/query.go:55","message":"Queries loaded successfully, total queries: 2"}
{"level":"debug","port":":8082","time":"2026-02-21T19:54:51+07:00","caller":"/home/lingga/Workspaces/Go/go-kill/common/grpcserver/grpc_server.go:54","message":"gRPC server starting"}
{"level":"debug","time":"2026-02-21T19:54:51+07:00","caller":"/home/lingga/Workspaces/Go/go-kill/common/redis/redis.go:85","message":"Redis component started and ping successful"}
{"level":"debug","time":"2026-02-21T19:54:51+07:00","caller":"/home/lingga/Workspaces/Go/go-kill/common/database/database.go:72","message":"POSTGRES database connected and ping OK"}
{"level":"error","error":"dial localhost:50051: context deadline exceeded","component":"*grpcclient.GRPCClientComponent","time":"2026-02-21T19:54:56+07:00","caller":"/home/lingga/Workspaces/Go/go-kill/common/app/app.go:91","message":"Component failed"}
{"level":"info","time":"2026-02-21T19:54:56+07:00","caller":"/home/lingga/Workspaces/Go/go-kill/common/app/app.go:108","message":"Shutdown signal received"}
{"level":"info","component":"*server.HTTPServerComponent","timeout":10000,"time":"2026-02-21T19:54:56+07:00","caller":"/home/lingga/Workspaces/Go/go-kill/common/app/app.go:121","message":"Stopping component"}
{"level":"debug","time":"2026-02-21T19:54:56+07:00","caller":"/home/lingga/Workspaces/Go/go-kill/common/server/server.go:85","message":"Shutting down HTTP server gracefully"}
{"level":"debug","time":"2026-02-21T19:54:56+07:00","caller":"/home/lingga/Workspaces/Go/go-kill/common/grpcserver/grpc_server.go:63","message":"gRPC server context cancelled – stopping"}
{"level":"debug","time":"2026-02-21T19:54:56+07:00","caller":"/home/lingga/Workspaces/Go/go-kill/common/server/server.go:68","message":"HTTP server context cancelled – stopping"}
{"level":"debug","time":"2026-02-21T19:54:56+07:00","caller":"/home/lingga/Workspaces/Go/go-kill/common/redis/redis.go:91","message":"Redis component context cancelled – stopping"}
{"level":"debug","time":"2026-02-21T19:54:56+07:00","caller":"/home/lingga/Workspaces/Go/go-kill/common/database/database.go:77","message":"POSTGRES database context cancelled – stopping"}
{"level":"debug","time":"2026-02-21T19:54:56+07:00","caller":"/home/lingga/Workspaces/Go/go-kill/common/query/query.go:60","message":"Query component context cancelled – stopping"}
{"level":"debug","time":"2026-02-21T19:54:56+07:00","caller":"/home/lingga/Workspaces/Go/go-kill/common/server/server.go:90","message":"HTTP server stopped"}
{"level":"info","component":"*grpcserver.GRPCServerComponent","timeout":10000,"time":"2026-02-21T19:54:56+07:00","caller":"/home/lingga/Workspaces/Go/go-kill/common/app/app.go:121","message":"Stopping component"}
{"level":"debug","time":"2026-02-21T19:54:56+07:00","caller":"/home/lingga/Workspaces/Go/go-kill/common/grpcserver/grpc_server.go:88","message":"gRPC server stopped gracefully"}
{"level":"info","component":"*grpcclient.GRPCClientComponent","timeout":10000,"time":"2026-02-21T19:54:56+07:00","caller":"/home/lingga/Workspaces/Go/go-kill/common/app/app.go:121","message":"Stopping component"}
{"level":"info","component":"*query.QueryComponent","timeout":10000,"time":"2026-02-21T19:54:56+07:00","caller":"/home/lingga/Workspaces/Go/go-kill/common/app/app.go:121","message":"Stopping component"}
{"level":"debug","time":"2026-02-21T19:54:56+07:00","caller":"/home/lingga/Workspaces/Go/go-kill/common/query/query.go:99","message":"Query component stopped"}
{"level":"info","component":"*database.DatabaseComponent","timeout":10000,"time":"2026-02-21T19:54:56+07:00","caller":"/home/lingga/Workspaces/Go/go-kill/common/app/app.go:121","message":"Stopping component"}
{"level":"debug","time":"2026-02-21T19:54:56+07:00","caller":"/home/lingga/Workspaces/Go/go-kill/common/database/database.go:93","message":"POSTGRES database stopped"}
{"level":"info","component":"*redis.RedisComponent","timeout":10000,"time":"2026-02-21T19:54:56+07:00","caller":"/home/lingga/Workspaces/Go/go-kill/common/app/app.go:121","message":"Stopping component"}
{"level":"debug","time":"2026-02-21T19:54:56+07:00","caller":"/home/lingga/Workspaces/Go/go-kill/common/redis/redis.go:107","message":"Redis component stopped"}
{"level":"fatal","error":"dial localhost:50051: context deadline exceeded","time":"2026-02-21T19:54:56+07:00","caller":"/home/lingga/Workspaces/Go/go-kill/user-service/src/cmd/app.go:143","message":"Application failed"}
{"level":"info","time":"2026-02-21T19:57:04+07:00","caller":"/home/lingga/Workspaces/Go/go-kill/user-service/src/cmd/app.go:64","message":"Starting user service..."}
{"level":"info","component":"*redis.RedisComponent","time":"2026-02-21T19:57:04+07:00","caller":"/home/lingga/Workspaces/Go/go-kill/common/app/app.go:88","message":"Starting component"}
{"level":"info","component":"*database.DatabaseComponent","time":"2026-02-21T19:57:04+07:00","caller":"/home/lingga/Workspaces/Go/go-kill/common/app/app.go:88","message":"Starting component"}
{"level":"info","component":"*grpcclient.GRPCClientComponent","time":"2026-02-21T19:57:04+07:00","caller":"/home/lingga/Workspaces/Go/go-kill/common/app/app.go:88","message":"Starting component"}
{"level":"info","component":"*grpcserver.GRPCServerComponent","time":"2026-02-21T19:57:04+07:00","caller":"/home/lingga/Workspaces/Go/go-kill/common/app/app.go:88","message":"Starting component"}
{"level":"info","component":"*query.QueryComponent","time":"2026-02-21T19:57:04+07:00","caller":"/home/lingga/Workspaces/Go/go-kill/common/app/app.go:88","message":"Starting component"}
{"level":"info","component":"*server.HTTPServerComponent","time":"2026-02-21T19:57:04+07:00","caller":"/home/lingga/Workspaces/Go/go-kill/common/app/app.go:88","message":"Starting component"}
{"level":"debug","file":"user_queries.sql","time":"2026-02-21T19:57:04+07:00","caller":"/home/lingga/Workspaces/Go/go-kill/common/query/query.go:93","message":"Loaded queries from file"}
{"level":"debug","time":"2026-02-21T19:57:04+07:00","caller":"/home/lingga/Workspaces/Go/go-kill/common/query/query.go:55","message":"Queries loaded successfully, total queries: 2"}
{"level":"debug","addr":":8083","time":"2026-02-21T19:57:04+07:00","caller":"/home/lingga/Workspaces/Go/go-kill/common/server/server.go:59","message":"HTTP server starting"}
{"level":"debug","port":":8082","time":"2026-02-21T19:57:04+07:00","caller":"/home/lingga/Workspaces/Go/go-kill/common/grpcserver/grpc_server.go:54","message":"gRPC server starting"}
{"level":"debug","time":"2026-02-21T19:57:04+07:00","caller":"/home/lingga/Workspaces/Go/go-kill/common/redis/redis.go:85","message":"Redis component started and ping successful"}
{"level":"debug","time":"2026-02-21T19:57:04+07:00","caller":"/home/lingga/Workspaces/Go/go-kill/common/database/database.go:72","message":"POSTGRES database connected and ping OK"}
{"level":"error","error":"dial localhost:50051: context deadline exceeded","component":"*grpcclient.GRPCClientComponent","time":"2026-02-21T19:57:09+07:00","caller":"/home/lingga/Workspaces/Go/go-kill/common/app/app.go:91","message":"Component failed"}
{"level":"info","time":"2026-02-21T19:57:09+07:00","caller":"/home/lingga/Workspaces/Go/go-kill/common/app/app.go:108","message":"Shutdown signal received"}
{"level":"debug","time":"2026-02-21T19:57:09+07:00","caller":"/home/lingga/Workspaces/Go/go-kill/common/grpcserver/grpc_server.go:63","message":"gRPC server context cancelled – stopping"}
{"level":"info","component":"*server.HTTPServerComponent","timeout":10000,"time":"2026-02-21T19:57:09+07:00","caller":"/home/lingga/Workspaces/Go/go-kill/common/app/app.go:121","message":"Stopping component"}
{"level":"debug","time":"2026-02-21T19:57:09+07:00","caller":"/home/lingga/Workspaces/Go/go-kill/common/redis/redis.go:91","message":"Redis component context cancelled – stopping"}
{"level":"debug","time":"2026-02-21T19:57:09+07:00","caller":"/home/lingga/Workspaces/Go/go-kill/common/server/server.go:85","message":"Shutting down HTTP server gracefully"}
{"level":"debug","time":"2026-02-21T19:57:09+07:00","caller":"/home/lingga/Workspaces/Go/go-kill/common/query/query.go:60","message":"Query component context cancelled – stopping"}
{"level":"debug","time":"2026-02-21T19:57:09+07:00","caller":"/home/lingga/Workspaces/Go/go-kill/common/server/server.go:68","message":"HTTP server context cancelled – stopping"}
{"level":"debug","time":"2026-02-21T19:57:09+07:00","caller":"/home/lingga/Workspaces/Go/go-kill/common/database/database.go:77","message":"POSTGRES database context cancelled – stopping"}
{"level":"debug","time":"2026-02-21T19:57:09+07:00","caller":"/home/lingga/Workspaces/Go/go-kill/common/server/server.go:90","message":"HTTP server stopped"}
{"level":"info","component":"*grpcserver.GRPCServerComponent","timeout":10000,"time":"2026-02-21T19:57:09+07:00","caller":"/home/lingga/Workspaces/Go/go-kill/common/app/app.go:121","message":"Stopping component"}
{"level":"debug","time":"2026-02-21T19:57:09+07:00","caller":"/home/lingga/Workspaces/Go/go-kill/common/grpcserver/grpc_server.go:88","message":"gRPC server stopped gracefully"}
{"level":"info","component":"*grpcclient.GRPCClientComponent","timeout":10000,"time":"2026-02-21T19:57:09+07:00","caller":"/home/lingga/Workspaces/Go/go-kill/common/app/app.go:121","message":"Stopping component"}
{"level":"info","component":"*query.QueryComponent","timeout":10000,"time":"2026-02-21T19:57:09+07:00","caller":"/home/lingga/Workspaces/Go/go-kill/common/app/app.go:121","message":"Stopping component"}
{"level":"debug","time":"2026-02-21T19:57:09+07:00","caller":"/home/lingga/Workspaces/Go/go-kill/common/query/query.go:99","message":"Query component stopped"}
{"level":"info","component":"*database.DatabaseComponent","timeout":10000,"time":"2026-02-21T19:57:09+07:00","caller":"/home/lingga/Workspaces/Go/go-kill/common/app/app.go:121","message":"Stopping component"}
{"level":"debug","time":"2026-02-21T19:57:09+07:00","caller":"/home/lingga/Workspaces/Go/go-kill/common/database/database.go:93","message":"POSTGRES database stopped"}
{"level":"info","component":"*redis.RedisComponent","timeout":10000,"time":"2026-02-21T19:57:09+07:00","caller":"/home/lingga/Workspaces/Go/go-kill/common/app/app.go:121","message":"Stopping component"}
{"level":"debug","time":"2026-02-21T19:57:09+07:00","caller":"/home/lingga/Workspaces/Go/go-kill/common/redis/redis.go:107","message":"Redis component stopped"}
{"level":"fatal","error":"dial localhost:50051: context deadline exceeded","time":"2026-02-21T19:57:09+07:00","caller":"/home/lingga/Workspaces/Go/go-kill/user-service/src/cmd/app.go:143","message":"Application failed"}
